build/app/outputs/mapping/release/mapping.txt
# compiler: R8
# compiler_version: 1.5.69
# min_api: 21
# pg_map_id: ce37113
...
com.google.firebase.heartbeatinfo.DefaultHeartBeatInfo$$Lambda$1 -> com.google.firebase.o.a:
    android.content.Context arg$1 -> a
    com.google.firebase.inject.Provider lambdaFactory$(android.content.Context) -> a
com.google.firebase.heartbeatinfo.DefaultHeartBeatInfo$$Lambda$4 -> com.google.firebase.o.b:
    com.google.firebase.heartbeatinfo.DefaultHeartBeatInfo$$Lambda$4 instance -> a
    java.lang.Object create(com.google.firebase.components.ComponentContainer) -> a
    com.google.firebase.components.ComponentFactory lambdaFactory$() -> a
com.google.firebase.heartbeatinfo.DefaultHeartBeatInfo$$Lambda$5 -> com.google.firebase.o.c:
    com.google.firebase.heartbeatinfo.DefaultHeartBeatInfo$$Lambda$5 instance -> a
    java.util.concurrent.ThreadFactory lambdaFactory$() -> a
com.google.firebase.heartbeatinfo.HeartBeatConsumer -> com.google.firebase.o.e:
com.google.firebase.heartbeatinfo.HeartBeatInfo -> com.google.firebase.o.f:
    com.google.firebase.heartbeatinfo.HeartBeatInfo$HeartBeat getHeartBeatCode(java.lang.String) -> a
com.google.firebase.heartbeatinfo.HeartBeatInfo$HeartBeat -> com.google.firebase.o.f$a:
    com.google.firebase.heartbeatinfo.HeartBeatInfo$HeartBeat[] $VALUES -> f
    com.google.firebase.heartbeatinfo.HeartBeatInfo$HeartBeat GLOBAL -> d
    com.google.firebase.heartbeatinfo.HeartBeatInfo$HeartBeat COMBINED -> e
    com.google.firebase.heartbeatinfo.HeartBeatInfo$HeartBeat NONE -> b
    com.google.firebase.heartbeatinfo.HeartBeatInfo$HeartBeat SDK -> c
    int code -> a
    int getCode() -> a
com.google.firebase.heartbeatinfo.HeartBeatInfoStorage -> com.google.firebase.o.g:
    com.google.firebase.heartbeatinfo.HeartBeatInfoStorage instance -> b
    android.content.SharedPreferences sharedPreferences -> a
    java.text.SimpleDateFormat FORMATTER -> c
    com.google.firebase.heartbeatinfo.HeartBeatInfoStorage getInstance(android.content.Context) -> a
    boolean isSameDateUtc(long,long) -> a
    boolean shouldSendGlobalHeartBeat(long) -> a
    boolean shouldSendSdkHeartBeat(java.lang.String,long) -> a
com.google.firebase.iid.FcmBroadcastProcessor -> com.google.firebase.iid.f:
    android.content.Context context -> a
    com.google.firebase.iid.WithinAppServiceConnection fcmServiceConn -> d
    java.util.concurrent.Executor executor -> b
    java.lang.Object lock -> c
    com.google.firebase.iid.WithinAppServiceConnection getServiceConnection(android.content.Context,java.lang.String) -> a
    java.lang.Integer lambda$bindToMessagingService$3$FcmBroadcastProcessor(com.google.android.gms.tasks.Task) -> a
    com.google.android.gms.tasks.Task lambda$startMessagingService$2$FcmBroadcastProcessor(android.content.Context,android.content.Intent,com.google.android.gms.tasks.Task) -> a
    com.google.android.gms.tasks.Task process(android.content.Intent) -> a
    com.google.android.gms.tasks.Task startMessagingService(android.content.Context,android.content.Intent) -> a
    com.google.android.gms.tasks.Task bindToMessagingService(android.content.Context,android.content.Intent) -> b
    java.lang.Integer lambda$startMessagingService$1$FcmBroadcastProcessor(com.google.android.gms.tasks.Task) -> b
    java.lang.Integer lambda$startMessagingService$0$FcmBroadcastProcessor(android.content.Context,android.content.Intent) -> c
com.google.firebase.iid.FcmBroadcastProcessor$$Lambda$0 -> com.google.firebase.iid.a:
    java.util.concurrent.Executor $instance -> a
com.google.firebase.iid.FcmBroadcastProcessor$$Lambda$1 -> com.google.firebase.iid.b:
    android.content.Context arg$1 -> a
    android.content.Intent arg$2 -> b
com.google.firebase.iid.FcmBroadcastProcessor$$Lambda$2 -> com.google.firebase.iid.c:
    android.content.Context arg$1 -> a
    android.content.Intent arg$2 -> b
    java.lang.Object then(com.google.android.gms.tasks.Task) -> a